3907, 9.79999968e-05
3908, 9.999999747e-05
3909, 9.899999714e-05
3910, 9.899999714e-05
3911, 9.79999968e-05
3912, 9.999999747e-05
3913, 9.699999646e-05
3914, 9.899999714e-05
3915, 9.899999714e-05
3916, 9.999999747e-05
3917, 9.79999968e-05
3918, 9.79999968e-05
3919, 9.899999714e-05
3920, 9.79999968e-05
3921, 0.0001009999978
3922, 9.899999714e-05
3923, 0.000125999999
3924, 9.79999968e-05
3925, 9.699999646e-05
3926, 9.79999968e-05
3927, 9.899999714e-05
3928, 9.79999968e-05
3929, 9.999999747e-05
3930, 9.79999968e-05
3931, 9.699999646e-05
3932, 9.699999646e-05
3933, 9.899999714e-05
3934, 9.899999714e-05
3935, 9.79999968e-05
3936, 9.899999714e-05
3937, 0.0001009999978
3938, 9.699999646e-05
3939, 0.0001019999982
3940, 9.699999646e-05
3941, 9.79999968e-05
3942, 9.79999968e-05
3943, 0.0001009999978
3944, 9.79999968e-05
3945, 9.699999646e-05
3946, 9.899999714e-05
3947, 9.699999646e-05
3948, 9.699999646e-05
3949, 9.699999646e-05
3950, 0.0001049999992
3951, 9.699999646e-05
3952, 0.0001019999982
3953, 9.699999646e-05
3954, 9.60000034e-05
3955, 9.699999646e-05
3956, 9.79999968e-05
3957, 9.60000034e-05
3958, 9.699999646e-05
3959, 9.79999968e-05
3960, 9.699999646e-05
3961, 0.0001009999978
3962, 9.699999646e-05
3963, 9.699999646e-05
3964, 0.0001029999985
3965, 9.999999747e-05
3966, 9.699999646e-05
3967, 9.699999646e-05
3968, 9.79999968e-05
3969, 9.79999968e-05
3970, 0.0001209999973
3971, 9.79999968e-05
3972, 9.79999968e-05
3973, 9.699999646e-05
3974, 9.79999968e-05
3975, 9.79999968e-05
3976, 9.79999968e-05
3977, 0.0001009999978
3978, 0.0001009999978
3979, 9.699999646e-05
3980, 9.79999968e-05
3981, 9.699999646e-05
3982, 0.0001080000002
3983, 9.60000034e-05
3984, 9.79999968e-05
3985, 9.699999646e-05
3986, 9.899999714e-05
3987, 9.699999646e-05
3988, 9.79999968e-05
3989, 9.79999968e-05
3990, 9.899999714e-05
3991, 9.699999646e-05
3992, 9.999999747e-05
3993, 9.899999714e-05
3994, 9.899999714e-05
3995, 9.899999714e-05
3996, 0.0001100000009
3997, 9.79999968e-05
3998, 0.0001009999978
3999, 9.60000034e-05
4000, 0.0001009999978
4001, 9.79999968e-05
4002, 9.79999968e-05
4003, 9.699999646e-05
4004, 9.899999714e-05
4005, 9.899999714e-05
4006, 9.999999747e-05
4007, 9.60000034e-05
4008, 0.0001029999985
4009, 0.0001009999978
4010, 0.0001009999978
4011, 0.0001100000009
4012, 9.79999968e-05
4013, 9.999999747e-05
4014, 9.79999968e-05
4015, 9.79999968e-05
4016, 9.699999646e-05
4017, 0.0001009999978
4018, 9.699999646e-05
4019, 0.0001100000009
4020, 0.0001009999978
4021, 9.899999714e-05
4022, 9.79999968e-05
4023, 9.79999968e-05
4024, 9.699999646e-05
4025, 9.999999747e-05
4026, 9.899999714e-05
4027, 9.899999714e-05
4028, 9.699999646e-05
4029, 9.699999646e-05
4030, 9.79999968e-05
4031, 9.999999747e-05
4032, 9.79999968e-05
4033, 9.79999968e-05
4034, 0.0001019999982
4035, 0.0001009999978
4036, 9.79999968e-05
4037, 9.699999646e-05
4038, 0.0001029999985
4039, 9.699999646e-05
4040, 0.0001019999982
4041, 9.60000034e-05
4042, 9.699999646e-05
4043, 0.0001029999985
4044, 8.299999899e-05
4045, 9.79999968e-05
4046, 9.699999646e-05
4047, 9.699999646e-05
4048, 9.699999646e-05
4049, 9.699999646e-05
4050, 9.699999646e-05
4051, 0.0001019999982
4052, 9.999999747e-05
4053, 9.60000034e-05
4054, 0.0001150000026
4055, 9.699999646e-05
4056, 0.0001019999982
4057, 0.0001019999982
4058, 9.999999747e-05
4059, 0.0001049999992
4060, 9.899999714e-05
4061, 9.79999968e-05
4062, 9.899999714e-05
4063, 9.999999747e-05
4064, 9.899999714e-05
4065, 9.899999714e-05
4066, 9.79999968e-05
4067, 9.899999714e-05
4068, 9.999999747e-05
4069, 9.899999714e-05
4070, 9.79999968e-05
4071, 9.999999747e-05
4072, 0.0001019999982
4073, 0.0001069999998
4074, 9.79999968e-05
4075, 9.899999714e-05
4076, 0.0001049999992
4077, 9.699999646e-05
4078, 9.79999968e-05
4079, 0.0001069999998
4080, 0.0001009999978
4081, 9.699999646e-05
4082, 0.0001100000009
4083, 9.79999968e-05
4084, 9.79999968e-05
4085, 0.0001009999978
4086, 0.0001049999992
4087, 9.699999646e-05
4088, 0.0001029999985
4089, 9.999999747e-05
4090, 9.699999646e-05
4091, 9.699999646e-05
4092, 9.699999646e-05
4093, 9.699999646e-05
4094, 9.699999646e-05
4095, 9.79999968e-05
4096, 0.0001059999995
4097, 9.60000034e-05
4098, 9.699999646e-05
4099, 9.999999747e-05
4100, 9.699999646e-05
4101, 9.79999968e-05
4102, 9.79999968e-05
4103, 9.899999714e-05
4104, 9.699999646e-05
4105, 9.79999968e-05
4106, 9.79999968e-05
4107, 9.79999968e-05
4108, 0.0001029999985
4109, 9.699999646e-05
4110, 0.0001029999985
4111, 9.699999646e-05
4112, 0.0001009999978
4113, 9.60000034e-05
4114, 9.699999646e-05
4115, 9.899999714e-05
4116, 9.899999714e-05
4117, 0.0001039999988
4118, 0.0001080000002
4119, 0.0001019999982
4120, 0.0001009999978
4121, 9.999999747e-05
4122, 9.999999747e-05
4123, 9.899999714e-05
4124, 9.79999968e-05
4125, 9.79999968e-05
4126, 0.0001120000015
4127, 9.999999747e-05
4128, 9.79999968e-05
4129, 9.79999968e-05
4130, 0.0001009999978
4131, 9.699999646e-05
4132, 9.699999646e-05
4133, 9.699999646e-05
4134, 9.79999968e-05
4135, 9.699999646e-05
4136, 9.699999646e-05
4137, 9.79999968e-05
4138, 0.0001100000009
4139, 9.899999714e-05
4140, 9.699999646e-05
4141, 0.0001110000012
4142, 9.699999646e-05
4143, 0.0001100000009
4144, 9.899999714e-05
4145, 9.699999646e-05
4146, 9.60000034e-05
4147, 9.899999714e-05
4148, 0.0001019999982
4149, 9.699999646e-05
4150, 9.699999646e-05
4151, 0.0001009999978
4152, 9.699999646e-05
4153, 9.79999968e-05
4154, 0.0001110000012
4155, 9.79999968e-05
4156, 9.899999714e-05
4157, 9.699999646e-05
4158, 0.0001049999992
4159, 9.79999968e-05
4160, 0.0001250000059
4161, 9.699999646e-05
4162, 9.699999646e-05
4163, 9.699999646e-05
4164, 9.79999968e-05
4165, 9.699999646e-05
4166, 0.0001230000053
4167, 9.699999646e-05
4168, 9.899999714e-05
4169, 9.699999646e-05
4170, 0.0001009999978
4171, 9.899999714e-05
4172, 0.0001009999978
4173, 9.79999968e-05
4174, 9.899999714e-05
4175, 9.79999968e-05
4176, 0.0001009999978
4177, 9.699999646e-05
4178, 9.699999646e-05
4179, 9.699999646e-05
4180, 9.699999646e-05
4181, 9.699999646e-05
4182, 9.699999646e-05
4183, 9.79999968e-05
4184, 9.60000034e-05
4185, 9.699999646e-05
4186, 0.0001090000005
4187, 0.0001009999978
4188, 9.79999968e-05
4189, 9.60000034e-05
4190, 9.699999646e-05
4191, 9.699999646e-05
4192, 9.699999646e-05
4193, 9.79999968e-05
4194, 9.699999646e-05
4195, 9.699999646e-05
4196, 0.0001209999973
4197, 9.79999968e-05
4198, 9.79999968e-05
4199, 0.0001009999978
4200, 9.79999968e-05
4201, 9.79999968e-05
4202, 9.899999714e-05
4203, 9.79999968e-05
4204, 9.79999968e-05
4205, 9.79999968e-05
4206, 9.699999646e-05
4207, 9.699999646e-05
4208, 9.699999646e-05
4209, 9.79999968e-05
4210, 9.60000034e-05
4211, 9.699999646e-05
4212, 9.699999646e-05
4213, 9.699999646e-05
4214, 0.0001019999982
4215, 9.79999968e-05
4216, 9.699999646e-05
4217, 9.79999968e-05
4218, 9.79999968e-05
4219, 9.699999646e-05
4220, 9.699999646e-05
4221, 0.0001100000009
4222, 0.0001009999978
4223, 9.699999646e-05
4224, 9.699999646e-05
4225, 9.899999714e-05
4226, 9.699999646e-05
4227, 9.79999968e-05
4228, 9.999999747e-05
4229, 9.60000034e-05
4230, 9.79999968e-05
4231, 0.0001250000059
4232, 0.0001069999998
4233, 9.79999968e-05
4234, 0.0001100000009
4235, 0.0001069999998
4236, 0.0001009999978
4237, 0.0001009999978
4238, 9.699999646e-05
4239, 9.899999714e-05
4240, 9.699999646e-05
4241, 7.500000356e-05
4242, 9.79999968e-05
4243, 9.79999968e-05
4244, 0.0001219999976
4245, 0.0001080000002
4246, 9.699999646e-05
4247, 9.699999646e-05
4248, 9.899999714e-05
4249, 0.0001009999978
4250, 0.0001059999995
4251, 9.999999747e-05
4252, 0.0001049999992
4253, 9.899999714e-05
4254, 9.79999968e-05
4255, 0.0001009999978
4256, 9.699999646e-05
4257, 9.699999646e-05
4258, 9.79999968e-05
4259, 9.79999968e-05
4260, 9.699999646e-05
4261, 9.899999714e-05
4262, 9.899999714e-05
4263, 0.0001219999976
4264, 9.79999968e-05
4265, 9.899999714e-05
4266, 0.0001019999982
4267, 0.0001029999985
4268, 9.699999646e-05
4269, 9.699999646e-05
4270, 9.79999968e-05
4271, 9.79999968e-05
4272, 9.79999968e-05
4273, 9.899999714e-05
4274, 9.79999968e-05
4275, 9.79999968e-05
4276, 9.699999646e-05
4277, 9.79999968e-05
4278, 9.79999968e-05
4279, 9.79999968e-05
4280, 9.699999646e-05
4281, 0.0001019999982
4282, 9.699999646e-05
4283, 9.999999747e-05
4284, 9.79999968e-05
4285, 9.699999646e-05
